<?xml version="1.0" encoding="utf-8"?>
<coverage line-rate="0.8513" branch-rate="0.716" version="1.9" timestamp="1619393900" lines-covered="2583" lines-valid="3034" branches-covered="875" branches-valid="1222">
  <sources>
    <source>/home/patrick/code/cyclonedx/cyclonedx-dotnet-library/CycloneDX.Core/</source>
  </sources>
  <packages>
    <package name="CycloneDX.Core" line-rate="0.8513" branch-rate="0.716" complexity="1693">
      <classes>
        <class name="CycloneDX.Utf8StringWriter" filename="Utf8StringWriter.cs" line-rate="1" branch-rate="1" complexity="1">
          <methods>
            <method name="get_Encoding" signature="()" line-rate="1" branch-rate="1" complexity="1">
              <lines>
                <line number="24" hits="144" branch="False" />
              </lines>
            </method>
          </methods>
          <lines>
            <line number="24" hits="144" branch="False" />
          </lines>
        </class>
        <class name="CycloneDX.Xml.Deserializer" filename="Xml/Deserializer.cs" line-rate="0.8347" branch-rate="0.7563" complexity="326">
          <methods>
            <method name="Deserialize" signature="(System.String)" line-rate="0" branch-rate="1" complexity="1">
              <lines>
                <line number="30" hits="0" branch="False" />
                <line number="33" hits="0" branch="False" />
                <line number="34" hits="0" branch="False" />
                <line number="35" hits="0" branch="False" />
                <line number="36" hits="0" branch="False" />
                <line number="37" hits="0" branch="False" />
                <line number="38" hits="0" branch="False" />
                <line number="39" hits="0" branch="False" />
                <line number="41" hits="0" branch="False" />
              </lines>
            </method>
            <method name="Deserialize" signature="(System.IO.Stream)" line-rate="0" branch-rate="1" complexity="1">
              <lines>
                <line number="44" hits="0" branch="False" />
                <line number="46" hits="0" branch="False" />
                <line number="47" hits="0" branch="False" />
                <line number="49" hits="0" branch="False" />
                <line number="51" hits="0" branch="False" />
                <line number="53" hits="0" branch="False" />
                <line number="54" hits="0" branch="False" />
                <line number="56" hits="0" branch="False" />
                <line number="58" hits="0" branch="False" />
                <line number="60" hits="0" branch="False" />
                <line number="61" hits="0" branch="False" />
                <line number="64" hits="0" branch="False" />
                <line number="66" hits="0" branch="False" />
                <line number="67" hits="0" branch="False" />
                <line number="68" hits="0" branch="False" />
                <line number="69" hits="0" branch="False" />
                <line number="70" hits="0" branch="False" />
                <line number="71" hits="0" branch="False" />
                <line number="72" hits="0" branch="False" />
              </lines>
            </method>
            <method name="Deserialize_v1_3" signature="(System.String)" line-rate="1" branch-rate="1" complexity="1">
              <lines>
                <line number="75" hits="50" branch="False" />
                <line number="78" hits="50" branch="False" />
                <line number="79" hits="50" branch="False" />
                <line number="80" hits="50" branch="False" />
                <line number="81" hits="50" branch="False" />
                <line number="82" hits="50" branch="False" />
                <line number="83" hits="50" branch="False" />
                <line number="84" hits="50" branch="False" />
                <line number="86" hits="50" branch="False" />
              </lines>
            </method>
            <method name="Deserialize_v1_3" signature="(System.IO.Stream)" line-rate="1" branch-rate="1" complexity="1">
              <lines>
                <line number="89" hits="50" branch="False" />
                <line number="92" hits="50" branch="False" />
                <line number="93" hits="50" branch="False" />
                <line number="95" hits="50" branch="False" />
                <line number="96" hits="50" branch="False" />
                <line number="98" hits="50" branch="False" />
                <line number="100" hits="50" branch="False" />
                <line number="101" hits="50" branch="False" />
              </lines>
            </method>
            <method name="Deserialize_v1_2" signature="(System.String)" line-rate="1" branch-rate="1" complexity="1">
              <lines>
                <line number="104" hits="63" branch="False" />
                <line number="107" hits="63" branch="False" />
                <line number="108" hits="63" branch="False" />
                <line number="109" hits="63" branch="False" />
                <line number="110" hits="63" branch="False" />
                <line number="111" hits="63" branch="False" />
                <line number="112" hits="63" branch="False" />
                <line number="113" hits="63" branch="False" />
                <line number="115" hits="63" branch="False" />
              </lines>
            </method>
            <method name="Deserialize_v1_2" signature="(System.IO.Stream)" line-rate="1" branch-rate="1" complexity="1">
              <lines>
                <line number="118" hits="63" branch="False" />
                <line number="121" hits="63" branch="False" />
                <line number="122" hits="63" branch="False" />
                <line number="124" hits="63" branch="False" />
                <line number="125" hits="63" branch="False" />
                <line number="127" hits="63" branch="False" />
                <line number="129" hits="63" branch="False" />
                <line number="130" hits="63" branch="False" />
              </lines>
            </method>
            <method name="Deserialize_v1_1" signature="(System.String)" line-rate="1" branch-rate="1" complexity="1">
              <lines>
                <line number="133" hits="27" branch="False" />
                <line number="136" hits="27" branch="False" />
                <line number="137" hits="27" branch="False" />
                <line number="138" hits="27" branch="False" />
                <line number="139" hits="27" branch="False" />
                <line number="140" hits="27" branch="False" />
                <line number="141" hits="27" branch="False" />
                <line number="142" hits="27" branch="False" />
                <line number="144" hits="27" branch="False" />
              </lines>
            </method>
            <method name="Deserialize_v1_1" signature="(System.IO.Stream)" line-rate="1" branch-rate="1" complexity="1">
              <lines>
                <line number="147" hits="27" branch="False" />
                <line number="150" hits="27" branch="False" />
                <line number="151" hits="27" branch="False" />
                <line number="153" hits="27" branch="False" />
                <line number="154" hits="27" branch="False" />
                <line number="156" hits="27" branch="False" />
                <line number="158" hits="27" branch="False" />
                <line number="159" hits="27" branch="False" />
              </lines>
            </method>
            <method name="Deserialize_v1_0" signature="(System.String)" line-rate="1" branch-rate="1" complexity="1">
              <lines>
                <line number="162" hits="4" branch="False" />
                <line number="165" hits="4" branch="False" />
                <line number="166" hits="4" branch="False" />
                <line number="167" hits="4" branch="False" />
                <line number="168" hits="4" branch="False" />
                <line number="169" hits="4" branch="False" />
                <line number="170" hits="4" branch="False" />
                <line number="171" hits="4" branch="False" />
                <line number="173" hits="4" branch="False" />
              </lines>
            </method>
            <method name="Deserialize_v1_0" signature="(System.IO.Stream)" line-rate="1" branch-rate="1" complexity="1">
              <lines>
                <line number="176" hits="4" branch="False" />
                <line number="179" hits="4" branch="False" />
                <line number="180" hits="4" branch="False" />
                <line number="182" hits="4" branch="False" />
                <line number="183" hits="4" branch="False" />
                <line number="185" hits="4" branch="False" />
                <line number="187" hits="4" branch="False" />
                <line number="188" hits="4" branch="False" />
              </lines>
            </method>
            <method name="CleanupEmptyXmlArrays" signature="(CycloneDX.Models.v1_3.Bom)" line-rate="1" branch-rate="0.8284999999999999" complexity="70">
              <lines>
                <line number="191" hits="50" branch="False" />
                <line number="192" hits="64" branch="True" condition-coverage="83.33% (5/6)">
                  <conditions>
                    <condition number="8" type="jump" coverage="100%" />
                    <condition number="20" type="jump" coverage="50%" />
                    <condition number="67" type="jump" coverage="100%" />
                  </conditions>
                </line>
                <line number="193" hits="66" branch="True" condition-coverage="83.33% (5/6)">
                  <conditions>
                    <condition number="89" type="jump" coverage="100%" />
                    <condition number="101" type="jump" coverage="50%" />
                    <condition number="150" type="jump" coverage="100%" />
                  </conditions>
                </line>
                <line number="194" hits="64" branch="True" condition-coverage="83.33% (5/6)">
                  <conditions>
                    <condition number="172" type="jump" coverage="100%" />
                    <condition number="184" type="jump" coverage="50%" />
                    <condition number="233" type="jump" coverage="100%" />
                  </conditions>
                </line>
                <line number="195" hits="66" branch="True" condition-coverage="75% (3/4)">
                  <conditions>
                    <condition number="255" type="jump" coverage="50%" />
                    <condition number="273" type="jump" coverage="100%" />
                  </conditions>
                </line>
                <line number="196" hits="92" branch="True" condition-coverage="75% (3/4)">
                  <conditions>
                    <condition number="290" type="jump" coverage="50%" />
                    <condition number="308" type="jump" coverage="100%" />
                  </conditions>
                </line>
                <line number="197" hits="100" branch="True" condition-coverage="75% (3/4)">
                  <conditions>
                    <condition number="325" type="jump" coverage="50%" />
                    <condition number="343" type="jump" coverage="100%" />
                  </conditions>
                </line>
                <line number="198" hits="94" branch="True" condition-coverage="75% (3/4)">
                  <conditions>
                    <condition number="360" type="jump" coverage="50%" />
                    <condition number="378" type="jump" coverage="100%" />
                  </conditions>
                </line>
                <line number="199" hits="98" branch="True" condition-coverage="75% (3/4)">
                  <conditions>
                    <condition number="395" type="jump" coverage="50%" />
                    <condition number="413" type="jump" coverage="100%" />
                  </conditions>
                </line>
                <line number="201" hits="50" branch="True" condition-coverage="100% (4/4)">
                  <conditions>
                    <condition number="430" type="jump" coverage="100%" />
                    <condition number="448" type="jump" coverage="100%" />
                  </conditions>
                </line>
                <line number="202" hits="4" branch="False" />
                <line number="203" hits="50" branch="True" condition-coverage="100% (2/2)">
                  <conditions>
                    <condition number="480" type="jump" coverage="100%" />
                  </conditions>
                </line>
                <line number="204" hits="222" branch="True" condition-coverage="100% (2/2)">
                  <conditions>
                    <condition number="522" type="jump" coverage="100%" />
                  </conditions>
                </line>
                <line number="205" hits="60" branch="False" />
                <line number="207" hits="50" branch="True" condition-coverage="100% (2/2)">
                  <conditions>
                    <condition number="554" type="jump" coverage="100%" />
                  </conditions>
                </line>
                <line number="208" hits="40" branch="True" condition-coverage="100% (2/2)">
                  <conditions>
                    <condition number="596" type="jump" coverage="100%" />
                  </conditions>
                </line>
                <line number="209" hits="8" branch="False" />
                <line number="211" hits="50" branch="True" condition-coverage="100% (2/2)">
                  <conditions>
                    <condition number="628" type="jump" coverage="100%" />
                  </conditions>
                </line>
                <line number="212" hits="34" branch="True" condition-coverage="100% (2/2)">
                  <conditions>
                    <condition number="699" type="jump" coverage="100%" />
                  </conditions>
                </line>
                <line number="213" hits="10" branch="True" condition-coverage="75% (3/4)">
                  <conditions>
                    <condition number="663" type="jump" coverage="50%" />
                    <condition number="681" type="jump" coverage="100%" />
                  </conditions>
                </line>
                <line number="215" hits="50" branch="True" condition-coverage="100% (2/2)">
                  <conditions>
                    <condition number="731" type="jump" coverage="100%" />
                  </conditions>
                </line>
                <line number="216" hits="14" branch="True" condition-coverage="100% (2/2)">
                  <conditions>
                    <condition number="841" type="jump" coverage="100%" />
                  </conditions>
                </line>
                <line number="217" hits="4" branch="False" />
                <line number="218" hits="4" branch="True" condition-coverage="50% (2/4)">
                  <conditions>
                    <condition number="767" type="jump" coverage="50%" />
                    <condition number="785" type="jump" coverage="50%" />
                  </conditions>
                </line>
                <line number="219" hits="4" branch="True" condition-coverage="75% (3/4)">
                  <conditions>
                    <condition number="804" type="jump" coverage="100%" />
                    <condition number="822" type="jump" coverage="50%" />
                  </conditions>
                </line>
                <line number="220" hits="4" branch="False" />
                <line number="221" hits="50" branch="False" />
              </lines>
            </method>
            <method name="CleanupEmptyXmlArrays" signature="(CycloneDX.Models.v1_2.Bom)" line-rate="1" branch-rate="0.8181" complexity="44">
              <lines>
                <line number="224" hits="63" branch="False" />
                <line number="225" hits="75" branch="True" condition-coverage="83.33% (5/6)">
                  <conditions>
                    <condition number="8" type="jump" coverage="100%" />
                    <condition number="20" type="jump" coverage="50%" />
                    <condition number="67" type="jump" coverage="100%" />
                  </conditions>
                </line>
                <line number="226" hits="75" branch="True" condition-coverage="83.33% (5/6)">
                  <conditions>
                    <condition number="89" type="jump" coverage="100%" />
                    <condition number="101" type="jump" coverage="50%" />
                    <condition number="150" type="jump" coverage="100%" />
                  </conditions>
                </line>
                <line number="227" hits="84" branch="True" condition-coverage="75% (3/4)">
                  <conditions>
                    <condition number="172" type="jump" coverage="50%" />
                    <condition number="190" type="jump" coverage="100%" />
                  </conditions>
                </line>
                <line number="228" hits="117" branch="True" condition-coverage="75% (3/4)">
                  <conditions>
                    <condition number="207" type="jump" coverage="50%" />
                    <condition number="225" type="jump" coverage="100%" />
                  </conditions>
                </line>
                <line number="229" hits="126" branch="True" condition-coverage="75% (3/4)">
                  <conditions>
                    <condition number="242" type="jump" coverage="50%" />
                    <condition number="260" type="jump" coverage="100%" />
                  </conditions>
                </line>
                <line number="230" hits="120" branch="True" condition-coverage="75% (3/4)">
                  <conditions>
                    <condition number="277" type="jump" coverage="50%" />
                    <condition number="295" type="jump" coverage="100%" />
                  </conditions>
                </line>
                <line number="232" hits="63" branch="True" condition-coverage="100% (2/2)">
                  <conditions>
                    <condition number="318" type="jump" coverage="100%" />
                  </conditions>
                </line>
                <line number="233" hits="282" branch="True" condition-coverage="100% (2/2)">
                  <conditions>
                    <condition number="360" type="jump" coverage="100%" />
                  </conditions>
                </line>
                <line number="234" hits="78" branch="False" />
                <line number="236" hits="63" branch="True" condition-coverage="100% (2/2)">
                  <conditions>
                    <condition number="392" type="jump" coverage="100%" />
                  </conditions>
                </line>
                <line number="237" hits="36" branch="True" condition-coverage="100% (2/2)">
                  <conditions>
                    <condition number="463" type="jump" coverage="100%" />
                  </conditions>
                </line>
                <line number="238" hits="12" branch="True" condition-coverage="75% (3/4)">
                  <conditions>
                    <condition number="427" type="jump" coverage="50%" />
                    <condition number="445" type="jump" coverage="100%" />
                  </conditions>
                </line>
                <line number="240" hits="63" branch="True" condition-coverage="75% (3/4)">
                  <conditions>
                    <condition number="489" type="jump" coverage="100%" />
                    <condition number="507" type="jump" coverage="50%" />
                  </conditions>
                </line>
                <line number="241" hits="63" branch="False" />
              </lines>
            </method>
            <method name="CleanupEmptyXmlArrays" signature="(CycloneDX.Models.v1_1.Bom)" line-rate="1" branch-rate="0.8332999999999999" complexity="12">
              <lines>
                <line number="244" hits="27" branch="False" />
                <line number="245" hits="30" branch="True" condition-coverage="75% (3/4)">
                  <conditions>
                    <condition number="8" type="jump" coverage="50%" />
                    <condition number="24" type="jump" coverage="100%" />
                  </conditions>
                </line>
                <line number="246" hits="54" branch="True" condition-coverage="75% (3/4)">
                  <conditions>
                    <condition number="41" type="jump" coverage="50%" />
                    <condition number="57" type="jump" coverage="100%" />
                  </conditions>
                </line>
                <line number="248" hits="27" branch="True" condition-coverage="100% (2/2)">
                  <conditions>
                    <condition number="78" type="jump" coverage="100%" />
                  </conditions>
                </line>
                <line number="249" hits="168" branch="True" condition-coverage="100% (2/2)">
                  <conditions>
                    <condition number="119" type="jump" coverage="100%" />
                  </conditions>
                </line>
                <line number="250" hits="48" branch="False" />
                <line number="251" hits="27" branch="False" />
              </lines>
            </method>
            <method name="CleanupEmptyXmlArrays" signature="(CycloneDX.Models.v1_0.Bom)" line-rate="1" branch-rate="0.75" complexity="8">
              <lines>
                <line number="254" hits="4" branch="False" />
                <line number="255" hits="4" branch="True" condition-coverage="50% (2/4)">
                  <conditions>
                    <condition number="8" type="jump" coverage="50%" />
                    <condition number="24" type="jump" coverage="50%" />
                  </conditions>
                </line>
                <line number="257" hits="4" branch="True" condition-coverage="100% (2/2)">
                  <conditions>
                    <condition number="45" type="jump" coverage="100%" />
                  </conditions>
                </line>
                <line number="258" hits="20" branch="True" condition-coverage="100% (2/2)">
                  <conditions>
                    <condition number="84" type="jump" coverage="100%" />
                  </conditions>
                </line>
                <line number="259" hits="4" branch="False" />
                <line number="260" hits="4" branch="False" />
              </lines>
            </method>
            <method name="CleanupEmptyXmlArrays" signature="(CycloneDX.Models.v1_3.Component)" line-rate="1" branch-rate="0.8181" complexity="22">
              <lines>
                <line number="263" hits="74" branch="False" />
                <line number="264" hits="132" branch="True" condition-coverage="75% (3/4)">
                  <conditions>
                    <condition number="8" type="jump" coverage="50%" />
                    <condition number="24" type="jump" coverage="100%" />
                  </conditions>
                </line>
                <line number="265" hits="144" branch="True" condition-coverage="75% (3/4)">
                  <conditions>
                    <condition number="41" type="jump" coverage="50%" />
                    <condition number="57" type="jump" coverage="100%" />
                  </conditions>
                </line>
                <line number="266" hits="142" branch="True" condition-coverage="75% (3/4)">
                  <conditions>
                    <condition number="74" type="jump" coverage="50%" />
                    <condition number="90" type="jump" coverage="100%" />
                  </conditions>
                </line>
                <line number="267" hits="146" branch="True" condition-coverage="75% (3/4)">
                  <conditions>
                    <condition number="107" type="jump" coverage="50%" />
                    <condition number="123" type="jump" coverage="100%" />
                  </conditions>
                </line>
                <line number="269" hits="74" branch="True" condition-coverage="100% (2/2)">
                  <conditions>
                    <condition number="146" type="jump" coverage="100%" />
                  </conditions>
                </line>
                <line number="270" hits="30" branch="True" condition-coverage="100% (2/2)">
                  <conditions>
                    <condition number="188" type="jump" coverage="100%" />
                  </conditions>
                </line>
                <line number="271" hits="6" branch="False" />
                <line number="273" hits="78" branch="True" condition-coverage="100% (2/2)">
                  <conditions>
                    <condition number="220" type="jump" coverage="100%" />
                  </conditions>
                </line>
                <line number="274" hits="74" branch="False" />
              </lines>
            </method>
            <method name="CleanupEmptyXmlArrays" signature="(CycloneDX.Models.v1_3.Service)" line-rate="1" branch-rate="0.8" complexity="20">
              <lines>
                <line number="277" hits="10" branch="False" />
                <line number="278" hits="18" branch="True" condition-coverage="75% (3/4)">
                  <conditions>
                    <condition number="8" type="jump" coverage="50%" />
                    <condition number="24" type="jump" coverage="100%" />
                  </conditions>
                </line>
                <line number="279" hits="18" branch="True" condition-coverage="75% (3/4)">
                  <conditions>
                    <condition number="41" type="jump" coverage="50%" />
                    <condition number="57" type="jump" coverage="100%" />
                  </conditions>
                </line>
                <line number="280" hits="18" branch="True" condition-coverage="75% (3/4)">
                  <conditions>
                    <condition number="74" type="jump" coverage="50%" />
                    <condition number="90" type="jump" coverage="100%" />
                  </conditions>
                </line>
                <line number="281" hits="18" branch="True" condition-coverage="75% (3/4)">
                  <conditions>
                    <condition number="107" type="jump" coverage="50%" />
                    <condition number="123" type="jump" coverage="100%" />
                  </conditions>
                </line>
                <line number="283" hits="10" branch="True" condition-coverage="100% (2/2)">
                  <conditions>
                    <condition number="146" type="jump" coverage="100%" />
                  </conditions>
                </line>
                <line number="284" hits="10" branch="True" condition-coverage="100% (2/2)">
                  <conditions>
                    <condition number="188" type="jump" coverage="100%" />
                  </conditions>
                </line>
                <line number="285" hits="2" branch="False" />
                <line number="286" hits="10" branch="False" />
              </lines>
            </method>
            <method name="CleanupEmptyXmlArrays" signature="(CycloneDX.Models.v1_2.Component)" line-rate="1" branch-rate="0.8332999999999999" complexity="18">
              <lines>
                <line number="289" hits="90" branch="False" />
                <line number="290" hits="156" branch="True" condition-coverage="75% (3/4)">
                  <conditions>
                    <condition number="8" type="jump" coverage="50%" />
                    <condition number="24" type="jump" coverage="100%" />
                  </conditions>
                </line>
                <line number="291" hits="174" branch="True" condition-coverage="75% (3/4)">
                  <conditions>
                    <condition number="41" type="jump" coverage="50%" />
                    <condition number="57" type="jump" coverage="100%" />
                  </conditions>
                </line>
                <line number="292" hits="174" branch="True" condition-coverage="75% (3/4)">
                  <conditions>
                    <condition number="74" type="jump" coverage="50%" />
                    <condition number="90" type="jump" coverage="100%" />
                  </conditions>
                </line>
                <line number="294" hits="90" branch="True" condition-coverage="100% (2/2)">
                  <conditions>
                    <condition number="111" type="jump" coverage="100%" />
                  </conditions>
                </line>
                <line number="295" hits="30" branch="True" condition-coverage="100% (2/2)">
                  <conditions>
                    <condition number="153" type="jump" coverage="100%" />
                  </conditions>
                </line>
                <line number="296" hits="6" branch="False" />
                <line number="298" hits="96" branch="True" condition-coverage="100% (2/2)">
                  <conditions>
                    <condition number="185" type="jump" coverage="100%" />
                  </conditions>
                </line>
                <line number="299" hits="90" branch="False" />
              </lines>
            </method>
            <method name="CleanupEmptyXmlArrays" signature="(CycloneDX.Models.v1_1.Component)" line-rate="1" branch-rate="0.8332999999999999" complexity="18">
              <lines>
                <line number="302" hits="54" branch="False" />
                <line number="303" hits="87" branch="True" condition-coverage="75% (3/4)">
                  <conditions>
                    <condition number="8" type="jump" coverage="50%" />
                    <condition number="24" type="jump" coverage="100%" />
                  </conditions>
                </line>
                <line number="304" hits="102" branch="True" condition-coverage="75% (3/4)">
                  <conditions>
                    <condition number="41" type="jump" coverage="50%" />
                    <condition number="57" type="jump" coverage="100%" />
                  </conditions>
                </line>
                <line number="305" hits="105" branch="True" condition-coverage="75% (3/4)">
                  <conditions>
                    <condition number="74" type="jump" coverage="50%" />
                    <condition number="90" type="jump" coverage="100%" />
                  </conditions>
                </line>
                <line number="307" hits="54" branch="True" condition-coverage="100% (2/2)">
                  <conditions>
                    <condition number="111" type="jump" coverage="100%" />
                  </conditions>
                </line>
                <line number="308" hits="15" branch="True" condition-coverage="100% (2/2)">
                  <conditions>
                    <condition number="153" type="jump" coverage="100%" />
                  </conditions>
                </line>
                <line number="309" hits="3" branch="False" />
                <line number="311" hits="57" branch="True" condition-coverage="100% (2/2)">
                  <conditions>
                    <condition number="185" type="jump" coverage="100%" />
                  </conditions>
                </line>
                <line number="312" hits="54" branch="False" />
              </lines>
            </method>
            <method name="CleanupEmptyXmlArrays" signature="(CycloneDX.Models.v1_0.Component)" line-rate="1" branch-rate="0.75" complexity="12">
              <lines>
                <line number="315" hits="8" branch="False" />
                <line number="316" hits="8" branch="True" condition-coverage="50% (2/4)">
                  <conditions>
                    <condition number="8" type="jump" coverage="50%" />
                    <condition number="24" type="jump" coverage="50%" />
                  </conditions>
                </line>
                <line number="317" hits="14" branch="True" condition-coverage="75% (3/4)">
                  <conditions>
                    <condition number="41" type="jump" coverage="50%" />
                    <condition number="57" type="jump" coverage="100%" />
                  </conditions>
                </line>
                <line number="319" hits="8" branch="True" condition-coverage="100% (2/2)">
                  <conditions>
                    <condition number="78" type="jump" coverage="100%" />
                  </conditions>
                </line>
                <line number="320" hits="14" branch="True" condition-coverage="100% (2/2)">
                  <conditions>
                    <condition number="119" type="jump" coverage="100%" />
                  </conditions>
                </line>
                <line number="321" hits="4" branch="False" />
                <line number="322" hits="8" branch="False" />
              </lines>
            </method>
            <method name="CleanupEmptyXmlArrays" signature="(CycloneDX.Models.v1_3.Pedigree)" line-rate="0.75" branch-rate="0.625" complexity="32">
              <lines>
                <line number="325" hits="4" branch="False" />
                <line number="326" hits="6" branch="True" condition-coverage="75% (3/4)">
                  <conditions>
                    <condition number="8" type="jump" coverage="50%" />
                    <condition number="24" type="jump" coverage="100%" />
                  </conditions>
                </line>
                <line number="327" hits="6" branch="True" condition-coverage="75% (3/4)">
                  <conditions>
                    <condition number="41" type="jump" coverage="50%" />
                    <condition number="57" type="jump" coverage="100%" />
                  </conditions>
                </line>
                <line number="329" hits="4" branch="True" condition-coverage="50% (2/4)">
                  <conditions>
                    <condition number="74" type="jump" coverage="50%" />
                    <condition number="90" type="jump" coverage="50%" />
                  </conditions>
                </line>
                <line number="330" hits="4" branch="True" condition-coverage="100% (2/2)">
                  <conditions>
                    <condition number="111" type="jump" coverage="100%" />
                  </conditions>
                </line>
                <line number="331" hits="20" branch="True" condition-coverage="100% (2/2)">
                  <conditions>
                    <condition number="153" type="jump" coverage="100%" />
                  </conditions>
                </line>
                <line number="332" hits="4" branch="False" />
                <line number="334" hits="8" branch="True" condition-coverage="75% (3/4)">
                  <conditions>
                    <condition number="179" type="jump" coverage="50%" />
                    <condition number="197" type="jump" coverage="100%" />
                  </conditions>
                </line>
                <line number="335" hits="4" branch="True" condition-coverage="50% (1/2)">
                  <conditions>
                    <condition number="220" type="jump" coverage="50%" />
                  </conditions>
                </line>
                <line number="336" hits="0" branch="True" condition-coverage="0% (0/2)">
                  <conditions>
                    <condition number="262" type="jump" coverage="0%" />
                  </conditions>
                </line>
                <line number="337" hits="0" branch="False" />
                <line number="339" hits="8" branch="True" condition-coverage="75% (3/4)">
                  <conditions>
                    <condition number="288" type="jump" coverage="50%" />
                    <condition number="306" type="jump" coverage="100%" />
                  </conditions>
                </line>
                <line number="340" hits="4" branch="True" condition-coverage="50% (1/2)">
                  <conditions>
                    <condition number="329" type="jump" coverage="50%" />
                  </conditions>
                </line>
                <line number="341" hits="0" branch="True" condition-coverage="0% (0/2)">
                  <conditions>
                    <condition number="371" type="jump" coverage="0%" />
                  </conditions>
                </line>
                <line number="342" hits="0" branch="False" />
                <line number="343" hits="4" branch="False" />
              </lines>
            </method>
            <method name="CleanupEmptyXmlArrays" signature="(CycloneDX.Models.v1_2.Pedigree)" line-rate="0.75" branch-rate="0.625" complexity="32">
              <lines>
                <line number="346" hits="6" branch="False" />
                <line number="347" hits="9" branch="True" condition-coverage="75% (3/4)">
                  <conditions>
                    <condition number="8" type="jump" coverage="50%" />
                    <condition number="24" type="jump" coverage="100%" />
                  </conditions>
                </line>
                <line number="348" hits="9" branch="True" condition-coverage="75% (3/4)">
                  <conditions>
                    <condition number="41" type="jump" coverage="50%" />
                    <condition number="57" type="jump" coverage="100%" />
                  </conditions>
                </line>
                <line number="350" hits="6" branch="True" condition-coverage="50% (2/4)">
                  <conditions>
                    <condition number="74" type="jump" coverage="50%" />
                    <condition number="90" type="jump" coverage="50%" />
                  </conditions>
                </line>
                <line number="351" hits="6" branch="True" condition-coverage="100% (2/2)">
                  <conditions>
                    <condition number="111" type="jump" coverage="100%" />
                  </conditions>
                </line>
                <line number="352" hits="30" branch="True" condition-coverage="100% (2/2)">
                  <conditions>
                    <condition number="153" type="jump" coverage="100%" />
                  </conditions>
                </line>
                <line number="353" hits="6" branch="False" />
                <line number="355" hits="12" branch="True" condition-coverage="75% (3/4)">
                  <conditions>
                    <condition number="179" type="jump" coverage="50%" />
                    <condition number="197" type="jump" coverage="100%" />
                  </conditions>
                </line>
                <line number="356" hits="6" branch="True" condition-coverage="50% (1/2)">
                  <conditions>
                    <condition number="220" type="jump" coverage="50%" />
                  </conditions>
                </line>
                <line number="357" hits="0" branch="True" condition-coverage="0% (0/2)">
                  <conditions>
                    <condition number="262" type="jump" coverage="0%" />
                  </conditions>
                </line>
                <line number="358" hits="0" branch="False" />
                <line number="360" hits="12" branch="True" condition-coverage="75% (3/4)">
                  <conditions>
                    <condition number="288" type="jump" coverage="50%" />
                    <condition number="306" type="jump" coverage="100%" />
                  </conditions>
                </line>
                <line number="361" hits="6" branch="True" condition-coverage="50% (1/2)">
                  <conditions>
                    <condition number="329" type="jump" coverage="50%" />
                  </conditions>
                </line>
                <line number="362" hits="0" branch="True" condition-coverage="0% (0/2)">
                  <conditions>
                    <condition number="371" type="jump" coverage="0%" />
                  </conditions>
                </line>
                <line number="363" hits="0" branch="False" />
                <line number="364" hits="6" branch="False" />
              </lines>
            </method>
            <method name="CleanupEmptyXmlArrays" signature="(CycloneDX.Models.v1_1.Pedigree)" line-rate="0.7333" branch-rate="0.5714" complexity="28">
              <lines>
                <line number="367" hits="3" branch="False" />
                <line number="368" hits="3" branch="True" condition-coverage="50% (2/4)">
                  <conditions>
                    <condition number="8" type="jump" coverage="50%" />
                    <condition number="24" type="jump" coverage="50%" />
                  </conditions>
                </line>
                <line number="370" hits="3" branch="True" condition-coverage="50% (2/4)">
                  <conditions>
                    <condition number="41" type="jump" coverage="50%" />
                    <condition number="57" type="jump" coverage="50%" />
                  </conditions>
                </line>
                <line number="371" hits="3" branch="True" condition-coverage="100% (2/2)">
                  <conditions>
                    <condition number="78" type="jump" coverage="100%" />
                  </conditions>
                </line>
                <line number="372" hits="15" branch="True" condition-coverage="100% (2/2)">
                  <conditions>
                    <condition number="119" type="jump" coverage="100%" />
                  </conditions>
                </line>
                <line number="373" hits="3" branch="False" />
                <line number="375" hits="6" branch="True" condition-coverage="75% (3/4)">
                  <conditions>
                    <condition number="145" type="jump" coverage="50%" />
                    <condition number="163" type="jump" coverage="100%" />
                  </conditions>
                </line>
                <line number="376" hits="3" branch="True" condition-coverage="50% (1/2)">
                  <conditions>
                    <condition number="186" type="jump" coverage="50%" />
                  </conditions>
                </line>
                <line number="377" hits="0" branch="True" condition-coverage="0% (0/2)">
                  <conditions>
                    <condition number="228" type="jump" coverage="0%" />
                  </conditions>
                </line>
                <line number="378" hits="0" branch="False" />
                <line number="380" hits="6" branch="True" condition-coverage="75% (3/4)">
                  <conditions>
                    <condition number="254" type="jump" coverage="50%" />
                    <condition number="272" type="jump" coverage="100%" />
                  </conditions>
                </line>
                <line number="381" hits="3" branch="True" condition-coverage="50% (1/2)">
                  <conditions>
                    <condition number="295" type="jump" coverage="50%" />
                  </conditions>
                </line>
                <line number="382" hits="0" branch="True" condition-coverage="0% (0/2)">
                  <conditions>
                    <condition number="337" type="jump" coverage="0%" />
                  </conditions>
                </line>
                <line number="383" hits="0" branch="False" />
                <line number="384" hits="3" branch="False" />
              </lines>
            </method>
          </methods>
          <lines>
            <line number="30" hits="0" branch="False" />
            <line number="33" hits="0" branch="False" />
            <line number="34" hits="0" branch="False" />
            <line number="35" hits="0" branch="False" />
            <line number="36" hits="0" branch="False" />
            <line number="37" hits="0" branch="False" />
            <line number="38" hits="0" branch="False" />
            <line number="39" hits="0" branch="False" />
            <line number="41" hits="0" branch="False" />
            <line number="44" hits="0" branch="False" />
            <line number="46" hits="0" branch="False" />
            <line number="47" hits="0" branch="False" />
            <line number="49" hits="0" branch="False" />
            <line number="51" hits="0" branch="False" />
            <line number="53" hits="0" branch="False" />
            <line number="54" hits="0" branch="False" />
            <line number="56" hits="0" branch="False" />
            <line number="58" hits="0" branch="False" />
            <line number="60" hits="0" branch="False" />
            <line number="61" hits="0" branch="False" />
            <line number="64" hits="0" branch="False" />
            <line number="66" hits="0" branch="False" />
            <line number="67" hits="0" branch="False" />
            <line number="68" hits="0" branch="False" />
            <line number="69" hits="0" branch="False" />
            <line number="70" hits="0" branch="False" />
            <line number="71" hits="0" branch="False" />
            <line number="72" hits="0" branch="False" />
            <line number="75" hits="50" branch="False" />
            <line number="78" hits="50" branch="False" />
            <line number="79" hits="50" branch="False" />
            <line number="80" hits="50" branch="False" />
            <line number="81" hits="50" branch="False" />
            <line number="82" hits="50" branch="False" />
            <line number="83" hits="50" branch="False" />
            <line number="84" hits="50" branch="False" />
            <line number="86" hits="50" branch="False" />
            <line number="89" hits="50" branch="False" />
            <line number="92" hits="50" branch="False" />
            <line number="93" hits="50" branch="False" />
            <line number="95" hits="50" branch="False" />
            <line number="96" hits="50" branch="False" />
            <line number="98" hits="50" branch="False" />
            <line number="100" hits="50" branch="False" />
            <line number="101" hits="50" branch="False" />
            <line number="104" hits="63" branch="False" />
            <line number="107" hits="63" branch="False" />
            <line number="108" hits="63" branch="False" />
            <line number="109" hits="63" branch="False" />
            <line number="110" hits="63" branch="False" />
            <line number="111" hits="63" branch="False" />
            <line number="112" hits="63" branch="False" />
            <line number="113" hits="63" branch="False" />
            <line number="115" hits="63" branch="False" />
            <line number="118" hits="63" branch="False" />
            <line number="121" hits="63" branch="False" />
            <line number="122" hits="63" branch="False" />
            <line number="124" hits="63" branch="False" />
            <line number="125" hits="63" branch="False" />
            <line number="127" hits="63" branch="False" />
            <line number="129" hits="63" branch="False" />
            <line number="130" hits="63" branch="False" />
            <line number="133" hits="27" branch="False" />
            <line number="136" hits="27" branch="False" />
            <line number="137" hits="27" branch="False" />
            <line number="138" hits="27" branch="False" />
            <line number="139" hits="27" branch="False" />
            <line number="140" hits="27" branch="False" />
            <line number="141" hits="27" branch="False" />
            <line number="142" hits="27" branch="False" />
            <line number="144" hits="27" branch="False" />
            <line number="147" hits="27" branch="False" />
            <line number="150" hits="27" branch="False" />
            <line number="151" hits="27" branch="False" />
            <line number="153" hits="27" branch="False" />
            <line number="154" hits="27" branch="False" />
            <line number="156" hits="27" branch="False" />
            <line number="158" hits="27" branch="False" />
            <line number="159" hits="27" branch="False" />
            <line number="162" hits="4" branch="False" />
            <line number="165" hits="4" branch="False" />
            <line number="166" hits="4" branch="False" />
            <line number="167" hits="4" branch="False" />
            <line number="168" hits="4" branch="False" />
            <line number="169" hits="4" branch="False" />
            <line number="170" hits="4" branch="False" />
            <line number="171" hits="4" branch="False" />
            <line number="173" hits="4" branch="False" />
            <line number="176" hits="4" branch="False" />
            <line number="179" hits="4" branch="False" />
            <line number="180" hits="4" branch="False" />
            <line number="182" hits="4" branch="False" />
            <line number="183" hits="4" branch="False" />
            <line number="185" hits="4" branch="False" />
            <line number="187" hits="4" branch="False" />
            <line number="188" hits="4" branch="False" />
            <line number="191" hits="50" branch="False" />
            <line number="192" hits="64" branch="True" condition-coverage="83.33% (5/6)">
              <conditions>
                <condition number="8" type="jump" coverage="100%" />
                <condition number="20" type="jump" coverage="50%" />
                <condition number="67" type="jump" coverage="100%" />
              </conditions>
            </line>
            <line number="193" hits="66" branch="True" condition-coverage="83.33% (5/6)">
              <conditions>
                <condition number="89" type="jump" coverage="100%" />
                <condition number="101" type="jump" coverage="50%" />
                <condition number="150" type="jump" coverage="100%" />
              </conditions>
            </line>
            <line number="194" hits="64" branch="True" condition-coverage="83.33% (5/6)">
              <conditions>
                <condition number="172" type="jump" coverage="100%" />
                <condition number="184" type="jump" coverage="50%" />
                <condition number="233" type="jump" coverage="100%" />
              </conditions>
            </line>
            <line number="195" hits="66" branch="True" condition-coverage="75% (3/4)">
              <conditions>
                <condition number="255" type="jump" coverage="50%" />
                <condition number="273" type="jump" coverage="100%" />
              </conditions>
            </line>
            <line number="196" hits="92" branch="True" condition-coverage="75% (3/4)">
              <conditions>
                <condition number="290" type="jump" coverage="50%" />
                <condition number="308" type="jump" coverage="100%" />
              </conditions>
            </line>
            <line number="197" hits="100" branch="True" condition-coverage="75% (3/4)">
              <conditions>
                <condition number="325" type="jump" coverage="50%" />
                <condition number="343" type="jump" coverage="100%" />
              </conditions>
            </line>
            <line number="198" hits="94" branch="True" condition-coverage="75% (3/4)">
              <conditions>
                <condition number="360" type="jump" coverage="50%" />
                <condition number="378" type="jump" coverage="100%" />
              </conditions>
            </line>
            <line number="199" hits="98" branch="True" condition-coverage="75% (3/4)">
              <conditions>
                <condition number="395" type="jump" coverage="50%" />
                <condition number="413" type="jump" coverage="100%" />
              </conditions>
            </line>
            <line number="201" hits="50" branch="True" condition-coverage="100% (4/4)">
              <conditions>
                <condition number="430" type="jump" coverage="100%" />
                <condition number="448" type="jump" coverage="100%" />
              </conditions>
            </line>
            <line number="202" hits="4" branch="False" />
            <line number="203" hits="50" branch="True" condition-coverage="100% (2/2)">
              <conditions>
                <condition number="480" type="jump" coverage="100%" />
              </conditions>
            </line>
            <line number="204" hits="222" branch="True" condition-coverage="100% (2/2)">
              <conditions>
                <condition number="522" type="jump" coverage="100%" />
              </conditions>
            </line>
            <line number="205" hits="60" branch="False" />
            <line number="207" hits="50" branch="True" condition-coverage="100% (2/2)">
              <conditions>
                <condition number="554" type="jump" coverage="100%" />
              </conditions>
            </line>
            <line number="208" hits="40" branch="True" condition-coverage="100% (2/2)">
              <conditions>
                <condition number="596" type="jump" coverage="100%" />
              </conditions>
            </line>
            <line number="209" hits="8" branch="False" />
            <line number="211" hits="50" branch="True" condition-coverage="100% (2/2)">
              <conditions>
                <condition number="628" type="jump" coverage="100%" />
              </conditions>
            </line>
            <line number="212" hits="34" branch="True" condition-coverage="100% (2/2)">
              <conditions>
                <condition number="699" type="jump" coverage="100%" />
              </conditions>
            </line>
            <line number="213" hits="10" branch="True" condition-coverage="75% (3/4)">
              <conditions>
                <condition number="663" type="jump" coverage="50%" />
                <condition number="681" type="jump" coverage="100%" />
              </conditions>
            </line>
            <line number="215" hits="50" branch="True" condition-coverage="100% (2/2)">
              <conditions>
                <condition number="731" type="jump" coverage="100%" />
              </conditions>
            </line>
            <line number="216" hits="14" branch="True" condition-coverage="100% (2/2)">
              <conditions>
                <condition number="841" type="jump" coverage="100%" />
              </conditions>
            </line>
            <line number="217" hits="4" branch="False" />
            <line number="218" hits="4" branch="True" condition-coverage="50% (2/4)">
              <conditions>
                <condition number="767" type="jump" coverage="50%" />
                <condition number="785" type="jump" coverage="50%" />
              </conditions>
            </line>
            <line number="219" hits="4" branch="True" condition-coverage="75% (3/4)">
              <conditions>
                <condition number="804" type="jump" coverage="100%" />
                <condition number="822" type="jump" coverage="50%" />
              </conditions>
            </line>
            <line number="220" hits="4" branch="False" />
            <line number="221" hits="50" branch="False" />
            <line number="224" hits="63" branch="False" />
            <line number="225" hits="75" branch="True" condition-coverage="83.33% (5/6)">
              <conditions>
                <condition number="8" type="jump" coverage="100%" />
                <condition number="20" type="jump" coverage="50%" />
                <condition number="67" type="jump" coverage="100%" />
              </conditions>
            </line>
            <line number="226" hits="75" branch="True" condition-coverage="83.33% (5/6)">
              <conditions>
                <condition number="89" type="jump" coverage="100%" />
                <condition number="101" type="jump" coverage="50%" />
                <condition number="150" type="jump" coverage="100%" />
              </conditions>
            </line>
            <line number="227" hits="84" branch="True" condition-coverage="75% (3/4)">
              <conditions>
                <condition number="172" type="jump" coverage="50%" />
                <condition number="190" type="jump" coverage="100%" />
              </conditions>
            </line>
            <line number="228" hits="117" branch="True" condition-coverage="75% (3/4)">
              <conditions>
                <condition number="207" type="jump" coverage="50%" />
                <condition number="225" type="jump" coverage="100%" />
              </conditions>
            </line>
            <line number="229" hits="126" branch="True" condition-coverage="75% (3/4)">
              <conditions>
                <condition number="242" type="jump" coverage="50%" />
                <condition number="260" type="jump" coverage="100%" />
              </conditions>
            </line>
            <line number="230" hits="120" branch="True" condition-coverage="75% (3/4)">
              <conditions>
                <condition number="277" type="jump" coverage="50%" />
                <condition number="295" type="jump" coverage="100%" />
              </conditions>
            </line>
            <line number="232" hits="63" branch="True" condition-coverage="100% (2/2)">
              <conditions>
                <condition number="318" type="jump" coverage="100%" />
              </conditions>
            </line>
            <line number="233" hits="282" branch="True" condition-coverage="100% (2/2)">
              <conditions>
                <condition number="360" type="jump" coverage="100%" />
              </conditions>
            </line>
            <line number="234" hits="78" branch="False" />
            <line number="236" hits="63" branch="True" condition-coverage="100% (2/2)">
              <conditions>
                <condition number="392" type="jump" coverage="100%" />
              </conditions>
            </line>
            <line number="237" hits="36" branch="True" condition-coverage="100% (2/2)">
              <conditions>
                <condition number="463" type="jump" coverage="100%" />
              </conditions>
            </line>
            <line number="238" hits="12" branch="True" condition-coverage="75% (3/4)">
              <conditions>
                <condition number="427" type="jump" coverage="50%" />
                <condition number="445" type="jump" coverage="100%" />
              </conditions>
            </line>
            <line number="240" hits="63" branch="True" condition-coverage="75% (3/4)">
              <conditions>
                <condition number="489" type="jump" coverage="100%" />
                <condition number="507" type="jump" coverage="50%" />
              </conditions>
            </line>
            <line number="241" hits="63" branch="False" />
            <line number="244" hits="27" branch="False" />
            <line number="245" hits="30" branch="True" condition-coverage="75% (3/4)">
              <conditions>
                <condition number="8" type="jump" coverage="50%" />
                <condition number="24" type="jump" coverage="100%" />
              </conditions>
            </line>
            <line number="246" hits="54" branch="True" condition-coverage="75% (3/4)">
              <conditions>
                <condition number="41" type="jump" coverage="50%" />
                <condition number="57" type="jump" coverage="100%" />
              </conditions>
            </line>
            <line number="248" hits="27" branch="True" condition-coverage="100% (2/2)">
              <conditions>
                <condition number="78" type="jump" coverage="100%" />
              </conditions>
            </line>
            <line number="249" hits="168" branch="True" condition-coverage="100% (2/2)">
              <conditions>
                <condition number="119" type="jump" coverage="100%" />
              </conditions>
            </line>
            <line number="250" hits="48" branch="False" />
            <line number="251" hits="27" branch="False" />
            <line number="254" hits="4" branch="False" />
            <line number="255" hits="4" branch="True" condition-coverage="50% (2/4)">
              <conditions>
                <condition number="8" type="jump" coverage="50%" />
                <condition number="24" type="jump" coverage="50%" />
              </conditions>
            </line>
            <line number="257" hits="4" branch="True" condition-coverage="100% (2/2)">
              <conditions>
                <condition number="45" type="jump" coverage="100%" />
              </conditions>
            </line>
            <line number="258" hits="20" branch="True" condition-coverage="100% (2/2)">
              <conditions>
                <condition number="84" type="jump" coverage="100%" />
              </conditions>
            </line>
            <line number="259" hits="4" branch="False" />
            <line number="260" hits="4" branch="False" />
            <line number="263" hits="74" branch="False" />
            <line number="264" hits="132" branch="True" condition-coverage="75% (3/4)">
              <conditions>
                <condition number="8" type="jump" coverage="50%" />
                <condition number="24" type="jump" coverage="100%" />
              </conditions>
            </line>
            <line number="265" hits="144" branch="True" condition-coverage="75% (3/4)">
              <conditions>
                <condition number="41" type="jump" coverage="50%" />
                <condition number="57" type="jump" coverage="100%" />
              </conditions>
            </line>
            <line number="266" hits="142" branch="True" condition-coverage="75% (3/4)">
              <conditions>
                <condition number="74" type="jump" coverage="50%" />
                <condition number="90" type="jump" coverage="100%" />
              </conditions>
            </line>
            <line number="267" hits="146" branch="True" condition-coverage="75% (3/4)">
              <conditions>
                <condition number="107" type="jump" coverage="50%" />
                <condition number="123" type="jump" coverage="100%" />
              </conditions>
            </line>
            <line number="269" hits="74" branch="True" condition-coverage="100% (2/2)">
              <conditions>
                <condition number="146" type="jump" coverage="100%" />
              </conditions>
            </line>
            <line number="270" hits="30" branch="True" condition-coverage="100% (2/2)">
              <conditions>
                <condition number="188" type="jump" coverage="100%" />
              </conditions>
            </line>
            <line number="271" hits="6" branch="False" />
            <line number="273" hits="78" branch="True" condition-coverage="100% (2/2)">
              <conditions>
                <condition number="220" type="jump" coverage="100%" />
              </conditions>
            </line>
            <line number="274" hits="74" branch="False" />
            <line number="277" hits="10" branch="False" />
            <line number="278" hits="18" branch="True" condition-coverage="75% (3/4)">
              <conditions>
                <condition number="8" type="jump" coverage="50%" />
                <condition number="24" type="jump" coverage="100%" />
              </conditions>
            </line>
            <line number="279" hits="18" branch="True" condition-coverage="75% (3/4)">
              <conditions>
                <condition number="41" type="jump" coverage="50%" />
                <condition number="57" type="jump" coverage="100%" />
              </conditions>
            </line>
            <line number="280" hits="18" branch="True" condition-coverage="75% (3/4)">
              <conditions>
                <condition number="74" type="jump" coverage="50%" />
                <condition number="90" type="jump" coverage="100%" />
              </conditions>
            </line>
            <line number="281" hits="18" branch="True" condition-coverage="75% (3/4)">
              <conditions>
                <condition number="107" type="jump" coverage="50%" />
                <condition number="123" type="jump" coverage="100%" />
              </conditions>
            </line>
            <line number="283" hits="10" branch="True" condition-coverage="100% (2/2)">
              <conditions>
                <condition number="146" type="jump" coverage="100%" />
              </conditions>
            </line>
            <line number="284" hits="10" branch="True" condition-coverage="100% (2/2)">
              <conditions>
                <condition number="188" type="jump" coverage="100%" />
              </conditions>
            </line>
            <line number="285" hits="2" branch="False" />
            <line number="286" hits="10" branch="False" />
            <line number="289" hits="90" branch="False" />
            <line number="290" hits="156" branch="True" condition-coverage="75% (3/4)">
              <conditions>
                <condition number="8" type="jump" coverage="50%" />
                <condition number="24" type="jump" coverage="100%" />
              </conditions>
            </line>
            <line number="291" hits="174" branch="True" condition-coverage="75% (3/4)">
              <conditions>
                <condition number="41" type="jump" coverage="50%" />
                <condition number="57" type="jump" coverage="100%" />
              </conditions>
            </line>
            <line number="292" hits="174" branch="True" condition-coverage="75% (3/4)">
              <conditions>
                <condition number="74" type="jump" coverage="50%" />
                <condition number="90" type="jump" coverage="100%" />
              </conditions>
            </line>
            <line number="294" hits="90" branch="True" condition-coverage="100% (2/2)">
              <conditions>
                <condition number="111" type="jump" coverage="100%" />
              </conditions>
            </line>
            <line number="295" hits="30" branch="True" condition-coverage="100% (2/2)">
              <conditions>
                <condition number="153" type="jump" coverage="100%" />
              </conditions>
            </line>
            <line number="296" hits="6" branch="False" />
            <line number="298" hits="96" branch="True" condition-coverage="100% (2/2)">
              <conditions>
                <condition number="185" type="jump" coverage="100%" />
              </conditions>
            </line>
            <line number="299" hits="90" branch="False" />
            <line number="302" hits="54" branch="False" />
            <line number="303" hits="87" branch="True" condition-coverage="75% (3/4)">
              <conditions>
                <condition number="8" type="jump" coverage="50%" />
                <condition number="24" type="jump" coverage="100%" />
              </conditions>
            </line>
            <line number="304" hits="102" branch="True" condition-coverage="75% (3/4)">
              <conditions>
                <condition number="41" type="jump" coverage="50%" />
                <condition number="57" type="jump" coverage="100%" />
              </conditions>
            </line>
            <line number="305" hits="105" branch="True" condition-coverage="75% (3/4)">
              <conditions>
                <condition number="74" type="jump" coverage="50%" />
                <condition number="90" type="jump" coverage="100%" />
              </conditions>
            </line>
            <line number="307" hits="54" branch="True" condition-coverage="100% (2/2)">
              <conditions>
                <condition number="111" type="jump" coverage="100%" />
              </conditions>
            </line>
            <line number="308" hits="15" branch="True" condition-coverage="100% (2/2)">
              <conditions>
                <condition number="153" type="jump" coverage="100%" />
              </conditions>
            </line>
            <line number="309" hits="3" branch="False" />
            <line number="311" hits="57" branch="True" condition-coverage="100% (2/2)">
              <conditions>
                <condition number="185" type="jump" coverage="100%" />
              </conditions>
            </line>
            <line number="312" hits="54" branch="False" />
            <line number="315" hits="8" branch="False" />
            <line number="316" hits="8" branch="True" condition-coverage="50% (2/4)">
              <conditions>
                <condition number="8" type="jump" coverage="50%" />
                <condition number="24" type="jump" coverage="50%" />
              </conditions>
            </line>
            <line number="317" hits="14" branch="True" condition-coverage="75% (3/4)">
              <conditions>
                <condition number="41" type="jump" coverage="50%" />
                <condition number="57" type="jump" coverage="100%" />
              </conditions>
            </line>
            <line number="319" hits="8" branch="True" condition-coverage="100% (2/2)">
              <conditions>
                <condition number="78" type="jump" coverage="100%" />
              </conditions>
            </line>
            <line number="320" hits="14" branch="True" condition-coverage="100% (2/2)">
              <conditions>
                <condition number="119" type="jump" coverage="100%" />
              </conditions>
            </line>
            <line number="321" hits="4" branch="False" />
            <line number="322" hits="8" branch="False" />
            <line number="325" hits="4" branch="False" />
            <line number="326" hits="6" branch="True" condition-coverage="75% (3/4)">
              <conditions>
                <condition number="8" type="jump" coverage="50%" />
                <condition number="24" type="jump" coverage="100%" />
              </conditions>
            </line>
            <line number="327" hits="6" branch="True" condition-coverage="75% (3/4)">
              <conditions>
                <condition number="41" type="jump" coverage="50%" />
                <condition number="57" type="jump" coverage="100%" />
              </conditions>
            </line>
            <line number="329" hits="4" branch="True" condition-coverage="50% (2/4)">
              <conditions>
                <condition number="74" type="jump" coverage="50%" />
                <condition number="90" type="jump" coverage="50%" />
              </conditions>
            </line>
            <line number="330" hits="4" branch="True" condition-coverage="100% (2/2)">
              <conditions>
                <condition number="111" type="jump" coverage="100%" />
              </conditions>
            </line>
            <line number="331" hits="20" branch="True" condition-coverage="100% (2/2)">
              <conditions>
                <condition number="153" type="jump" coverage="100%" />
              </conditions>
            </line>
            <line number="332" hits="4" branch="False" />
            <line number="334" hits="8" branch="True" condition-coverage="75% (3/4)">
              <conditions>
                <condition number="179" type="jump" coverage="50%" />
                <condition number="197" type="jump" coverage="100%" />
              </conditions>
            </line>
            <line number="335" hits="4" branch="True" condition-coverage="50% (1/2)">
              <conditions>
                <condition number="220" type="jump" coverage="50%" />
              </conditions>
            </line>
            <line number="336" hits="0" branch="True" condition-coverage="0% (0/2)">
              <conditions>
                <condition number="262" type="jump" coverage="0%" />
              </conditions>
            </line>
            <line number="337" hits="0" branch="False" />
            <line number="339" hits="8" branch="True" condition-coverage="75% (3/4)">
              <conditions>
                <condition number="288" type="jump" coverage="50%" />
                <condition number="306" type="jump" coverage="100%" />
              </conditions>
            </line>
            <line number="340" hits="4" branch="True" condition-coverage="50% (1/2)">
              <conditions>
                <condition number="329" type="jump" coverage="50%" />
              </conditions>
            </line>
            <line number="341" hits="0" branch="True" condition-coverage="0% (0/2)">
              <conditions>
                <condition number="371" type="jump" coverage="0%" />
              </conditions>
            </line>
            <line number="342" hits="0" branch="False" />
            <line number="343" hits="4" branch="False" />
            <line number="346" hits="6" branch="False" />
            <line number="347" hits="9" branch="True" condition-coverage="75% (3/4)">
              <conditions>
                <condition number="8" type="jump" coverage="50%" />
                <condition number="24" type="jump" coverage="100%" />
              </conditions>
            </line>
            <line number="348" hits="9" branch="True" condition-coverage="75% (3/4)">
              <conditions>
                <condition number="41" type="jump" coverage="50%" />
                <condition number="57" type="jump" coverage="100%" />
              </conditions>
            </line>
            <line number="350" hits="6" branch="True" condition-coverage="50% (2/4)">
              <conditions>
                <condition number="74" type="jump" coverage="50%" />
                <condition number="90" type="jump" coverage="50%" />
              </conditions>
            </line>
            <line number="351" hits="6" branch="True" condition-coverage="100% (2/2)">
              <conditions>
                <condition number="111" type="jump" coverage="100%" />
              </conditions>
            </line>
            <line number="352" hits="30" branch="True" condition-coverage="100% (2/2)">
              <conditions>
                <condition number="153" type="jump" coverage="100%" />
              </conditions>
            </line>
            <line number="353" hits="6" branch="False" />
            <line number="355" hits="12" branch="True" condition-coverage="75% (3/4)">
              <conditions>
                <condition number="179" type="jump" coverage="50%" />
                <condition number="197" type="jump" coverage="100%" />
              </conditions>
            </line>
            <line number="356" hits="6" branch="True" condition-coverage="50% (1/2)">
              <conditions>
                <condition number="220" type="jump" coverage="50%" />
              </conditions>
            </line>
            <line number="357" hits="0" branch="True" condition-coverage="0% (0/2)">
              <conditions>
                <condition number="262" type="jump" coverage="0%" />
              </conditions>
            </line>
            <line number="358" hits="0" branch="False" />
            <line number="360" hits="12" branch="True" condition-coverage="75% (3/4)">
              <conditions>
                <condition number="288" type="jump" coverage="50%" />
                <condition number="306" type="jump" coverage="100%" />
              </conditions>
            </line>
            <line number="361" hits="6" branch="True" condition-coverage="50% (1/2)">
              <conditions>
                <condition number="329" type="jump" coverage="50%" />
              </conditions>
            </line>
            <line number="362" hits="0" branch="True" condition-coverage="0% (0/2)">
              <conditions>
                <condition number="371" type="jump" coverage="0%" />
              </conditions>
            </line>
            <line number="363" hits="0" branch="False" />
            <line number="364" hits="6" branch="False" />
            <line number="367" hits="3" branch="False" />
            <line number="368" hits="3" branch="True" condition-coverage="50% (2/4)">
              <conditions>
                <condition number="8" type="jump" coverage="50%" />
                <condition number="24" type="jump" coverage="50%" />
              </conditions>
            </line>
            <line number="370" hits="3" branch="True" condition-coverage="50% (2/4)">
              <conditions>
                <condition number="41" type="jump" coverage="50%" />
                <condition number="57" type="jump" coverage="50%" />
              </conditions>
            </line>
            <line number="371" hits="3" branch="True" condition-coverage="100% (2/2)">
              <conditions>
                <condition number="78" type="jump" coverage="100%" />
              </conditions>
            </line>
            <line number="372" hits="15" branch="True" condition-coverage="100% (2/2)">
              <conditions>
                <condition number="119" type="jump" coverage="100%" />
              </conditions>
            </line>
            <line number="373" hits="3" branch="False" />
            <line number="375" hits="6" branch="True" condition-coverage="75% (3/4)">
              <conditions>
                <condition number="145" type="jump" coverage="50%" />
                <condition number="163" type="jump" coverage="100%" />
              </conditions>
            </line>
            <line number="376" hits="3" branch="True" condition-coverage="50% (1/2)">
              <conditions>
                <condition number="186" type="jump" coverage="50%" />
              </conditions>
            </line>
            <line number="377" hits="0" branch="True" condition-coverage="0% (0/2)">
              <conditions>
                <condition number="228" type="jump" coverage="0%" />
              </conditions>
            </line>
            <line number="378" hits="0" branch="False" />
            <line number="380" hits="6" branch="True" condition-coverage="75% (3/4)">
              <conditions>
                <condition number="254" type="jump" coverage="50%" />
                <condition number="272" type="jump" coverage="100%" />
              </conditions>
            </line>
            <line number="381" hits="3" branch="True" condition-coverage="50% (1/2)">
              <conditions>
                <condition number="295" type="jump" coverage="50%" />
              </conditions>
            </line>
            <line number="382" hits="0" branch="True" condition-coverage="0% (0/2)">
              <conditions>
                <condition number="337" type="jump" coverage="0%" />
              </conditions>
            </line>
            <line number="383" hits="0" branch="False" />
            <line number="384" hits="3" branch="False" />
          </lines>
        </class>
        <class name="CycloneDX.Xml.Serializer" filename="Xml/Serializer.cs" line-rate="1" branch-rate="1" complexity="4">
          <methods>
            <method name="Serialize" signature="(CycloneDX.Models.v1_3.Bom)" line-rate="1" branch-rate="1" complexity="1">
              <lines>
                <line number="31" hits="46" branch="False" />
                <line number="34" hits="46" branch="False" />
[...]
                  </conditions>
                </line>
                <line number="134" hits="2" branch="False" />
                <line number="135" hits="2" branch="False" />
                <line number="136" hits="2" branch="False" />
                <line number="137" hits="2" branch="False" />
                <line number="139" hits="5" branch="True" condition-coverage="100% (2/2)">
                  <conditions>
                    <condition number="111" type="jump" coverage="100%" />
                  </conditions>
                </line>
                <line number="140" hits="1" branch="False" />
                <line number="141" hits="1" branch="False" />
                <line number="142" hits="1" branch="False" />
                <line number="143" hits="1" branch="True" condition-coverage="100% (2/2)">
                  <conditions>
                    <condition number="157" type="jump" coverage="100%" />
                  </conditions>
                </line>
                <line number="144" hits="1" branch="False" />
                <line number="145" hits="1" branch="False" />
                <line number="146" hits="1" branch="False" />
                <line number="147" hits="1" branch="False" />
                <line number="148" hits="1" branch="True" condition-coverage="100% (2/2)">
                  <conditions>
                    <condition number="214" type="jump" coverage="100%" />
                  </conditions>
                </line>
                <line number="149" hits="1" branch="False" />
                <line number="150" hits="1" branch="False" />
                <line number="151" hits="1" branch="False" />
                <line number="152" hits="1" branch="False" />
                <line number="153" hits="1" branch="True" condition-coverage="100% (2/2)">
                  <conditions>
                    <condition number="271" type="jump" coverage="100%" />
                  </conditions>
                </line>
                <line number="154" hits="1" branch="False" />
                <line number="155" hits="1" branch="False" />
                <line number="156" hits="1" branch="False" />
                <line number="157" hits="1" branch="False" />
                <line number="158" hits="1" branch="False" />
                <line number="159" hits="1" branch="False" />
                <line number="161" hits="5" branch="True" condition-coverage="100% (2/2)">
                  <conditions>
                    <condition number="331" type="jump" coverage="100%" />
                  </conditions>
                </line>
                <line number="162" hits="1" branch="False" />
                <line number="163" hits="1" branch="False" />
                <line number="164" hits="1" branch="False" />
                <line number="165" hits="1" branch="False" />
                <line number="167" hits="5" branch="False" />
                <line number="168" hits="5" branch="False" />
              </lines>
            </method>
          </methods>
          <lines>
            <line number="33" hits="5" branch="False" />
            <line number="34" hits="5" branch="True" condition-coverage="50% (1/2)">
              <conditions>
                <condition number="13" type="jump" coverage="50%" />
              </conditions>
            </line>
            <line number="35" hits="0" branch="False" />
            <line number="36" hits="0" branch="False" />
            <line number="38" hits="5" branch="True" condition-coverage="50% (1/2)">
              <conditions>
                <condition number="37" type="jump" coverage="50%" />
              </conditions>
            </line>
            <line number="39" hits="0" branch="False" />
            <line number="40" hits="0" branch="False" />
            <line number="43" hits="5" branch="False" />
            <line number="45" hits="12" branch="True" condition-coverage="50% (1/2)">
              <conditions>
                <condition number="564" type="jump" coverage="50%" />
              </conditions>
            </line>
            <line number="46" hits="12" branch="False" />
            <line number="47" hits="12" branch="True" condition-coverage="100% (2/2)">
              <conditions>
                <condition number="71" type="jump" coverage="100%" />
              </conditions>
            </line>
            <line number="48" hits="5" branch="False" />
            <line number="49" hits="5" branch="False" />
            <line number="52" hits="7" branch="True" condition-coverage="50% (1/2)">
              <conditions>
                <condition number="97" type="jump" coverage="50%" />
              </conditions>
            </line>
            <line number="53" hits="0" branch="False" />
            <line number="54" hits="0" branch="False" />
            <line number="57" hits="7" branch="False" />
            <line number="59" hits="7" branch="True" condition-coverage="100% (2/2)">
              <conditions>
                <condition number="130" type="jump" coverage="100%" />
              </conditions>
            </line>
            <line number="60" hits="1" branch="False" />
            <line number="61" hits="1" branch="False" />
            <line number="62" hits="1" branch="True" condition-coverage="50% (2/4)">
              <conditions>
                <condition number="150" type="jump" coverage="50%" />
                <condition number="172" type="jump" coverage="50%" />
              </conditions>
            </line>
            <line number="63" hits="1" branch="False" />
            <line number="64" hits="0" branch="False" />
            <line number="65" hits="0" branch="False" />
            <line number="68" hits="1" branch="True" condition-coverage="100% (2/2)">
              <conditions>
                <condition number="198" type="jump" coverage="100%" />
              </conditions>
            </line>
            <line number="69" hits="1" branch="False" />
            <line number="70" hits="1" branch="False" />
            <line number="72" hits="4" branch="True" condition-coverage="100% (2/2)">
              <conditions>
                <condition number="422" type="jump" coverage="100%" />
              </conditions>
            </line>
            <line number="73" hits="4" branch="False" />
            <line number="74" hits="4" branch="True" condition-coverage="100% (2/2)">
              <conditions>
                <condition number="235" type="jump" coverage="100%" />
              </conditions>
            </line>
            <line number="75" hits="1" branch="False" />
            <line number="76" hits="1" branch="False" />
            <line number="79" hits="3" branch="True" condition-coverage="50% (1/2)">
              <conditions>
                <condition number="259" type="jump" coverage="50%" />
              </conditions>
            </line>
            <line number="80" hits="0" branch="False" />
            <line number="81" hits="0" branch="False" />
            <line number="84" hits="3" branch="False" />
            <line number="85" hits="3" branch="False" />
            <line number="86" hits="3" branch="False" />
            <line number="88" hits="3" branch="True" condition-coverage="100% (2/2)">
              <conditions>
                <condition number="307" type="jump" coverage="100%" />
              </conditions>
            </line>
            <line number="89" hits="1" branch="False" />
            <line number="90" hits="2" branch="True" condition-coverage="100% (2/2)">
              <conditions>
                <condition number="341" type="jump" coverage="100%" />
              </conditions>
            </line>
            <line number="91" hits="1" branch="False" />
            <line number="92" hits="1" branch="True" condition-coverage="50% (1/2)">
              <conditions>
                <condition number="375" type="jump" coverage="50%" />
              </conditions>
            </line>
            <line number="93" hits="1" branch="False" />
            <line number="95" hits="0" branch="False" />
            <line number="96" hits="3" branch="False" />
            <line number="97" hits="1" branch="False" />
            <line number="98" hits="1" branch="False" />
            <line number="100" hits="6" branch="False" />
            <line number="101" hits="6" branch="False" />
            <line number="102" hits="6" branch="False" />
            <line number="104" hits="6" branch="True" condition-coverage="100% (2/2)">
              <conditions>
                <condition number="463" type="jump" coverage="100%" />
              </conditions>
            </line>
            <line number="105" hits="3" branch="False" />
            <line number="106" hits="3" branch="True" condition-coverage="100% (2/2)">
              <conditions>
                <condition number="492" type="jump" coverage="100%" />
              </conditions>
            </line>
            <line number="107" hits="2" branch="False" />
            <line number="108" hits="1" branch="True" condition-coverage="50% (1/2)">
              <conditions>
                <condition number="521" type="jump" coverage="50%" />
              </conditions>
            </line>
            <line number="109" hits="1" branch="False" />
            <line number="111" hits="0" branch="False" />
            <line number="112" hits="6" branch="False" />
            <line number="113" hits="7" branch="False" />
            <line number="115" hits="0" branch="False" />
            <line number="116" hits="5" branch="False" />
            <line number="122" hits="5" branch="False" />
            <line number="126" hits="5" branch="False" />
            <line number="128" hits="5" branch="True" condition-coverage="100% (2/2)">
              <conditions>
                <condition number="24" type="jump" coverage="100%" />
              </conditions>
            </line>
            <line number="129" hits="3" branch="False" />
            <line number="130" hits="3" branch="False" />
            <line number="131" hits="3" branch="False" />
            <line number="132" hits="3" branch="False" />
            <line number="133" hits="2" branch="True" condition-coverage="100% (2/2)">
              <conditions>
                <condition number="71" type="jump" coverage="100%" />
              </conditions>
            </line>
            <line number="134" hits="2" branch="False" />
            <line number="135" hits="2" branch="False" />
            <line number="136" hits="2" branch="False" />
            <line number="137" hits="2" branch="False" />
            <line number="139" hits="5" branch="True" condition-coverage="100% (2/2)">
              <conditions>
                <condition number="111" type="jump" coverage="100%" />
              </conditions>
            </line>
            <line number="140" hits="1" branch="False" />
            <line number="141" hits="1" branch="False" />
            <line number="142" hits="1" branch="False" />
            <line number="143" hits="1" branch="True" condition-coverage="100% (2/2)">
              <conditions>
                <condition number="157" type="jump" coverage="100%" />
              </conditions>
            </line>
            <line number="144" hits="1" branch="False" />
            <line number="145" hits="1" branch="False" />
            <line number="146" hits="1" branch="False" />
            <line number="147" hits="1" branch="False" />
            <line number="148" hits="1" branch="True" condition-coverage="100% (2/2)">
              <conditions>
                <condition number="214" type="jump" coverage="100%" />
              </conditions>
            </line>
            <line number="149" hits="1" branch="False" />
            <line number="150" hits="1" branch="False" />
            <line number="151" hits="1" branch="False" />
            <line number="152" hits="1" branch="False" />
            <line number="153" hits="1" branch="True" condition-coverage="100% (2/2)">
              <conditions>
                <condition number="271" type="jump" coverage="100%" />
              </conditions>
            </line>
            <line number="154" hits="1" branch="False" />
            <line number="155" hits="1" branch="False" />
            <line number="156" hits="1" branch="False" />
            <line number="157" hits="1" branch="False" />
            <line number="158" hits="1" branch="False" />
            <line number="159" hits="1" branch="False" />
            <line number="161" hits="5" branch="True" condition-coverage="100% (2/2)">
              <conditions>
                <condition number="331" type="jump" coverage="100%" />
              </conditions>
            </line>
            <line number="162" hits="1" branch="False" />
            <line number="163" hits="1" branch="False" />
            <line number="164" hits="1" branch="False" />
            <line number="165" hits="1" branch="False" />
            <line number="167" hits="5" branch="False" />
            <line number="168" hits="5" branch="False" />
          </lines>
        </class>
        <class name="CycloneDX.Json.Converters.v1_2.PatchClassificationConverter" filename="Json/Converters/v1.2/PatchClassificationConverter.cs" line-rate="0.6537999999999999" branch-rate="0.5" complexity="10">
          <methods>
            <method name="Read" signature="(System.Text.Json.Utf8JsonReader&amp;,System.Type,System.Text.Json.JsonSerializerOptions)" line-rate="0.647" branch-rate="0.5" complexity="8">
              <lines>
                <line number="32" hits="2" branch="False" />
                <line number="33" hits="2" branch="True" condition-coverage="50% (2/4)">
                  <conditions>
                    <condition number="9" type="jump" coverage="50%" />
                    <condition number="28" type="jump" coverage="50%" />
                  </conditions>
                </line>
                <line number="34" hits="2" branch="False" />
                <line number="35" hits="0" branch="False" />
                <line number="36" hits="0" branch="False" />
                <line number="39" hits="2" branch="False" />
                <line number="41" hits="2" branch="True" condition-coverage="50% (1/2)">
                  <conditions>
                    <condition number="57" type="jump" coverage="50%" />
                  </conditions>
                </line>
                <line number="42" hits="0" branch="False" />
                <line number="43" hits="0" branch="False" />
                <line number="46" hits="2" branch="False" />
                <line number="48" hits="2" branch="False" />
                <line number="49" hits="2" branch="True" condition-coverage="50% (1/2)">
                  <conditions>
                    <condition number="82" type="jump" coverage="50%" />
                  </conditions>
                </line>
                <line number="50" hits="2" branch="False" />
                <line number="51" hits="2" branch="False" />
                <line number="54" hits="0" branch="False" />
                <line number="55" hits="0" branch="False" />
                <line number="58" hits="2" branch="False" />
              </lines>
            </method>
            <method name="Write" signature="(System.Text.Json.Utf8JsonWriter,CycloneDX.Models.v1_2.Patch/PatchClassification,System.Text.Json.JsonSerializerOptions)" line-rate="0.6666" branch-rate="0.5" complexity="2">
              <lines>
                <line number="64" hits="2" branch="False" />
                <line number="67" hits="2" branch="True" condition-coverage="50% (1/2)">
                  <conditions>
                    <condition number="7" type="jump" coverage="50%" />
                  </conditions>
                </line>
                <line number="68" hits="0" branch="False" />
                <line number="69" hits="0" branch="False" />
                <line number="70" hits="0" branch="False" />
                <line number="72" hits="2" branch="False" />
                <line number="73" hits="2" branch="False" />
                <line number="74" hits="2" branch="False" />
                <line number="75" hits="2" branch="False" />
              </lines>
            </method>
          </methods>
          <lines>
            <line number="32" hits="2" branch="False" />
            <line number="33" hits="2" branch="True" condition-coverage="50% (2/4)">
              <conditions>
                <condition number="9" type="jump" coverage="50%" />
                <condition number="28" type="jump" coverage="50%" />
              </conditions>
            </line>
            <line number="34" hits="2" branch="False" />
            <line number="35" hits="0" branch="False" />
            <line number="36" hits="0" branch="False" />
            <line number="39" hits="2" branch="False" />
            <line number="41" hits="2" branch="True" condition-coverage="50% (1/2)">
              <conditions>
                <condition number="57" type="jump" coverage="50%" />
              </conditions>
            </line>
            <line number="42" hits="0" branch="False" />
            <line number="43" hits="0" branch="False" />
            <line number="46" hits="2" branch="False" />
            <line number="48" hits="2" branch="False" />
            <line number="49" hits="2" branch="True" condition-coverage="50% (1/2)">
              <conditions>
                <condition number="82" type="jump" coverage="50%" />
              </conditions>
            </line>
            <line number="50" hits="2" branch="False" />
            <line number="51" hits="2" branch="False" />
            <line number="54" hits="0" branch="False" />
            <line number="55" hits="0" branch="False" />
            <line number="58" hits="2" branch="False" />
            <line number="64" hits="2" branch="False" />
            <line number="67" hits="2" branch="True" condition-coverage="50% (1/2)">
              <conditions>
                <condition number="7" type="jump" coverage="50%" />
              </conditions>
            </line>
            <line number="68" hits="0" branch="False" />
            <line number="69" hits="0" branch="False" />
            <line number="70" hits="0" branch="False" />
            <line number="72" hits="2" branch="False" />
            <line number="73" hits="2" branch="False" />
            <line number="74" hits="2" branch="False" />
            <line number="75" hits="2" branch="False" />
          </lines>
        </class>
        <class name="CycloneDX.Exceptions.UnsupportedSchemaVersionException" filename="Exceptions/UnsupportedSchemaVersionException.cs" line-rate="0" branch-rate="1" complexity="3">
          <methods>
            <method name=".ctor" signature="()" line-rate="0" branch-rate="1" complexity="1">
              <lines>
                <line number="23" hits="0" branch="False" />
              </lines>
            </method>
            <method name=".ctor" signature="(System.String)" line-rate="0" branch-rate="1" complexity="1">
              <lines>
                <line number="24" hits="0" branch="False" />
              </lines>
            </method>
            <method name=".ctor" signature="(System.String,System.Exception)" line-rate="0" branch-rate="1" complexity="1">
              <lines>
                <line number="25" hits="0" branch="False" />
              </lines>
            </method>
          </methods>
          <lines>
            <line number="23" hits="0" branch="False" />
            <line number="24" hits="0" branch="False" />
            <line number="25" hits="0" branch="False" />
          </lines>
        </class>
      </classes>
    </package>
  </packages>
</coverage>